<?xml version="1.0" encoding="UTF-8"?>
<testng-results ignored="0" total="30" passed="30" failed="0" skipped="0">
  <reporter-output>
  </reporter-output>
  <suite started-at="2024-03-04T20:36:59 IST" name="Default suite" finished-at="2024-03-04T20:47:35 IST" duration-ms="635958">
    <groups>
      <group name="cucumber">
        <method signature="AbstractTestNGCucumberTests.runScenario(io.cucumber.testng.PickleWrapper,io.cucumber.testng.FeatureWrapper)[pri:0, instance:com.travel_Insurance.testRunner.testRun@3ad83a66]" name="runScenario" class="io.cucumber.testng.AbstractTestNGCucumberTests"/>
      </group> <!-- cucumber -->
    </groups>
    <test started-at="2024-03-04T20:36:59 IST" name="Default test" finished-at="2024-03-04T20:47:35 IST" duration-ms="635958">
      <class name="com.travel_Insurance.testRunner.testRun">
        <test-method is-config="true" signature="setUpClass(org.testng.ITestContext)[pri:0, instance:com.travel_Insurance.testRunner.testRun@3ad83a66]" started-at="2024-03-04T20:36:59 IST" name="setUpClass" finished-at="2024-03-04T20:37:01 IST" duration-ms="2089" status="PASS">
          <params>
            <param index="0">
              <value>
                <![CDATA[org.testng.TestRunner@5dd52021]]>
              </value>
            </param>
          </params>
          <reporter-output>
          </reporter-output>
        </test-method> <!-- setUpClass -->
        <test-method signature="runScenario(io.cucumber.testng.PickleWrapper,io.cucumber.testng.FeatureWrapper)[pri:0, instance:com.travel_Insurance.testRunner.testRun@3ad83a66]" started-at="2024-03-04T20:37:01 IST" name="runScenario" description="Runs Cucumber Scenarios" data-provider="scenarios" finished-at="2024-03-04T20:37:52 IST" duration-ms="50974" status="PASS">
          <params>
            <param index="0">
              <value>
                <![CDATA["Travel Insurance"]]>
              </value>
            </param>
            <param index="1">
              <value>
                <![CDATA["Policy bazaar"]]>
              </value>
            </param>
          </params>
          <reporter-output>
          </reporter-output>
        </test-method> <!-- runScenario -->
        <test-method signature="runScenario(io.cucumber.testng.PickleWrapper,io.cucumber.testng.FeatureWrapper)[pri:0, instance:com.travel_Insurance.testRunner.testRun@3ad83a66]" started-at="2024-03-04T20:37:52 IST" name="runScenario" description="Runs Cucumber Scenarios" data-provider="scenarios" finished-at="2024-03-04T20:38:15 IST" duration-ms="22791" status="PASS">
          <params>
            <param index="0">
              <value>
                <![CDATA["Car Insurance"]]>
              </value>
            </param>
            <param index="1">
              <value>
                <![CDATA["Policy bazaar"]]>
              </value>
            </param>
          </params>
          <reporter-output>
          </reporter-output>
        </test-method> <!-- runScenario -->
        <test-method signature="runScenario(io.cucumber.testng.PickleWrapper,io.cucumber.testng.FeatureWrapper)[pri:0, instance:com.travel_Insurance.testRunner.testRun@3ad83a66]" started-at="2024-03-04T20:38:15 IST" name="runScenario" description="Runs Cucumber Scenarios" data-provider="scenarios" finished-at="2024-03-04T20:38:44 IST" duration-ms="29616" status="PASS">
          <params>
            <param index="0">
              <value>
                <![CDATA["Health Insurance"]]>
              </value>
            </param>
            <param index="1">
              <value>
                <![CDATA["Policy bazaar"]]>
              </value>
            </param>
          </params>
          <reporter-output>
          </reporter-output>
        </test-method> <!-- runScenario -->
        <test-method signature="runScenario(io.cucumber.testng.PickleWrapper,io.cucumber.testng.FeatureWrapper)[pri:0, instance:com.travel_Insurance.testRunner.testRun@3ad83a66]" started-at="2024-03-04T20:38:44 IST" name="runScenario" description="Runs Cucumber Scenarios" data-provider="scenarios" finished-at="2024-03-04T20:39:24 IST" duration-ms="39597" status="PASS">
          <params>
            <param index="0">
              <value>
                <![CDATA["Travel Insurance results"]]>
              </value>
            </param>
            <param index="1">
              <value>
                <![CDATA["Insurance_regression"]]>
              </value>
            </param>
          </params>
          <reporter-output>
          </reporter-output>
        </test-method> <!-- runScenario -->
        <test-method signature="runScenario(io.cucumber.testng.PickleWrapper,io.cucumber.testng.FeatureWrapper)[pri:0, instance:com.travel_Insurance.testRunner.testRun@3ad83a66]" started-at="2024-03-04T20:39:24 IST" name="runScenario" description="Runs Cucumber Scenarios" data-provider="scenarios" finished-at="2024-03-04T20:39:46 IST" duration-ms="22116" status="PASS">
          <params>
            <param index="0">
              <value>
                <![CDATA["Travel insurance contact details page"]]>
              </value>
            </param>
            <param index="1">
              <value>
                <![CDATA["Insurance_regression"]]>
              </value>
            </param>
          </params>
          <reporter-output>
          </reporter-output>
        </test-method> <!-- runScenario -->
        <test-method signature="runScenario(io.cucumber.testng.PickleWrapper,io.cucumber.testng.FeatureWrapper)[pri:0, instance:com.travel_Insurance.testRunner.testRun@3ad83a66]" started-at="2024-03-04T20:39:46 IST" name="runScenario" description="Runs Cucumber Scenarios" data-provider="scenarios" finished-at="2024-03-04T20:40:16 IST" duration-ms="30228" status="PASS">
          <params>
            <param index="0">
              <value>
                <![CDATA["Health Insurances results"]]>
              </value>
            </param>
            <param index="1">
              <value>
                <![CDATA["Insurance_regression"]]>
              </value>
            </param>
          </params>
          <reporter-output>
          </reporter-output>
        </test-method> <!-- runScenario -->
        <test-method signature="runScenario(io.cucumber.testng.PickleWrapper,io.cucumber.testng.FeatureWrapper)[pri:0, instance:com.travel_Insurance.testRunner.testRun@3ad83a66]" started-at="2024-03-04T20:40:16 IST" name="runScenario" description="Runs Cucumber Scenarios" data-provider="scenarios" finished-at="2024-03-04T20:40:33 IST" duration-ms="17328" status="PASS">
          <params>
            <param index="0">
              <value>
                <![CDATA["Health insurance positive contact page"]]>
              </value>
            </param>
            <param index="1">
              <value>
                <![CDATA["Insurance_regression"]]>
              </value>
            </param>
          </params>
          <reporter-output>
          </reporter-output>
        </test-method> <!-- runScenario -->
        <test-method signature="runScenario(io.cucumber.testng.PickleWrapper,io.cucumber.testng.FeatureWrapper)[pri:0, instance:com.travel_Insurance.testRunner.testRun@3ad83a66]" started-at="2024-03-04T20:40:33 IST" name="runScenario" description="Runs Cucumber Scenarios" data-provider="scenarios" finished-at="2024-03-04T20:40:51 IST" duration-ms="17335" status="PASS">
          <params>
            <param index="0">
              <value>
                <![CDATA["Travel insurance home page"]]>
              </value>
            </param>
            <param index="1">
              <value>
                <![CDATA["Insurances_smoke"]]>
              </value>
            </param>
          </params>
          <reporter-output>
          </reporter-output>
        </test-method> <!-- runScenario -->
        <test-method signature="runScenario(io.cucumber.testng.PickleWrapper,io.cucumber.testng.FeatureWrapper)[pri:0, instance:com.travel_Insurance.testRunner.testRun@3ad83a66]" started-at="2024-03-04T20:40:51 IST" name="runScenario" description="Runs Cucumber Scenarios" data-provider="scenarios" finished-at="2024-03-04T20:41:15 IST" duration-ms="23746" status="PASS">
          <params>
            <param index="0">
              <value>
                <![CDATA["Travel insurance trip date page"]]>
              </value>
            </param>
            <param index="1">
              <value>
                <![CDATA["Insurances_smoke"]]>
              </value>
            </param>
          </params>
          <reporter-output>
          </reporter-output>
        </test-method> <!-- runScenario -->
        <test-method signature="runScenario(io.cucumber.testng.PickleWrapper,io.cucumber.testng.FeatureWrapper)[pri:0, instance:com.travel_Insurance.testRunner.testRun@3ad83a66]" started-at="2024-03-04T20:41:15 IST" name="runScenario" description="Runs Cucumber Scenarios" data-provider="scenarios" finished-at="2024-03-04T20:41:36 IST" duration-ms="21139" status="PASS">
          <params>
            <param index="0">
              <value>
                <![CDATA["Travel insurance traveller page"]]>
              </value>
            </param>
            <param index="1">
              <value>
                <![CDATA["Insurances_smoke"]]>
              </value>
            </param>
          </params>
          <reporter-output>
          </reporter-output>
        </test-method> <!-- runScenario -->
        <test-method signature="runScenario(io.cucumber.testng.PickleWrapper,io.cucumber.testng.FeatureWrapper)[pri:0, instance:com.travel_Insurance.testRunner.testRun@3ad83a66]" started-at="2024-03-04T20:41:36 IST" name="runScenario" description="Runs Cucumber Scenarios" data-provider="scenarios" finished-at="2024-03-04T20:41:58 IST" duration-ms="22196" status="PASS">
          <params>
            <param index="0">
              <value>
                <![CDATA["Travel insurance medical history page"]]>
              </value>
            </param>
            <param index="1">
              <value>
                <![CDATA["Insurances_smoke"]]>
              </value>
            </param>
          </params>
          <reporter-output>
          </reporter-output>
        </test-method> <!-- runScenario -->
        <test-method signature="runScenario(io.cucumber.testng.PickleWrapper,io.cucumber.testng.FeatureWrapper)[pri:0, instance:com.travel_Insurance.testRunner.testRun@3ad83a66]" started-at="2024-03-04T20:41:58 IST" name="runScenario" description="Runs Cucumber Scenarios" data-provider="scenarios" finished-at="2024-03-04T20:42:22 IST" duration-ms="24517" status="PASS">
          <params>
            <param index="0">
              <value>
                <![CDATA["Travel insurance results page"]]>
              </value>
            </param>
            <param index="1">
              <value>
                <![CDATA["Insurances_smoke"]]>
              </value>
            </param>
          </params>
          <reporter-output>
          </reporter-output>
        </test-method> <!-- runScenario -->
        <test-method signature="runScenario(io.cucumber.testng.PickleWrapper,io.cucumber.testng.FeatureWrapper)[pri:0, instance:com.travel_Insurance.testRunner.testRun@3ad83a66]" started-at="2024-03-04T20:42:22 IST" name="runScenario" description="Runs Cucumber Scenarios" data-provider="scenarios" finished-at="2024-03-04T20:42:52 IST" duration-ms="30028" status="PASS">
          <params>
            <param index="0">
              <value>
                <![CDATA["back to home page from travel page"]]>
              </value>
            </param>
            <param index="1">
              <value>
                <![CDATA["Insurances_smoke"]]>
              </value>
            </param>
          </params>
          <reporter-output>
          </reporter-output>
        </test-method> <!-- runScenario -->
        <test-method signature="runScenario(io.cucumber.testng.PickleWrapper,io.cucumber.testng.FeatureWrapper)[pri:0, instance:com.travel_Insurance.testRunner.testRun@3ad83a66]" started-at="2024-03-04T20:42:52 IST" name="runScenario" description="Runs Cucumber Scenarios" data-provider="scenarios" finished-at="2024-03-04T20:43:08 IST" duration-ms="15205" status="PASS">
          <params>
            <param index="0">
              <value>
                <![CDATA["car insurance home page"]]>
              </value>
            </param>
            <param index="1">
              <value>
                <![CDATA["Insurances_smoke"]]>
              </value>
            </param>
          </params>
          <reporter-output>
          </reporter-output>
        </test-method> <!-- runScenario -->
        <test-method signature="runScenario(io.cucumber.testng.PickleWrapper,io.cucumber.testng.FeatureWrapper)[pri:0, instance:com.travel_Insurance.testRunner.testRun@3ad83a66]" started-at="2024-03-04T20:43:08 IST" name="runScenario" description="Runs Cucumber Scenarios" data-provider="scenarios" finished-at="2024-03-04T20:43:21 IST" duration-ms="13695" status="PASS">
          <params>
            <param index="0">
              <value>
                <![CDATA["car insurance car number page"]]>
              </value>
            </param>
            <param index="1">
              <value>
                <![CDATA["Insurances_smoke"]]>
              </value>
            </param>
          </params>
          <reporter-output>
          </reporter-output>
        </test-method> <!-- runScenario -->
        <test-method signature="runScenario(io.cucumber.testng.PickleWrapper,io.cucumber.testng.FeatureWrapper)[pri:0, instance:com.travel_Insurance.testRunner.testRun@3ad83a66]" started-at="2024-03-04T20:43:21 IST" name="runScenario" description="Runs Cucumber Scenarios" data-provider="scenarios" finished-at="2024-03-04T20:43:38 IST" duration-ms="17049" status="PASS">
          <params>
            <param index="0">
              <value>
                <![CDATA["car insurance brand name page"]]>
              </value>
            </param>
            <param index="1">
              <value>
                <![CDATA["Insurances_smoke"]]>
              </value>
            </param>
          </params>
          <reporter-output>
          </reporter-output>
        </test-method> <!-- runScenario -->
        <test-method signature="runScenario(io.cucumber.testng.PickleWrapper,io.cucumber.testng.FeatureWrapper)[pri:0, instance:com.travel_Insurance.testRunner.testRun@3ad83a66]" started-at="2024-03-04T20:43:38 IST" name="runScenario" description="Runs Cucumber Scenarios" data-provider="scenarios" finished-at="2024-03-04T20:43:54 IST" duration-ms="15927" status="PASS">
          <params>
            <param index="0">
              <value>
                <![CDATA["car insurance model name page"]]>
              </value>
            </param>
            <param index="1">
              <value>
                <![CDATA["Insurances_smoke"]]>
              </value>
            </param>
          </params>
          <reporter-output>
          </reporter-output>
        </test-method> <!-- runScenario -->
        <test-method signature="runScenario(io.cucumber.testng.PickleWrapper,io.cucumber.testng.FeatureWrapper)[pri:0, instance:com.travel_Insurance.testRunner.testRun@3ad83a66]" started-at="2024-03-04T20:43:54 IST" name="runScenario" description="Runs Cucumber Scenarios" data-provider="scenarios" finished-at="2024-03-04T20:44:10 IST" duration-ms="16003" status="PASS">
          <params>
            <param index="0">
              <value>
                <![CDATA["car insurance fueltype page"]]>
              </value>
            </param>
            <param index="1">
              <value>
                <![CDATA["Insurances_smoke"]]>
              </value>
            </param>
          </params>
          <reporter-output>
          </reporter-output>
        </test-method> <!-- runScenario -->
        <test-method signature="runScenario(io.cucumber.testng.PickleWrapper,io.cucumber.testng.FeatureWrapper)[pri:0, instance:com.travel_Insurance.testRunner.testRun@3ad83a66]" started-at="2024-03-04T20:44:10 IST" name="runScenario" description="Runs Cucumber Scenarios" data-provider="scenarios" finished-at="2024-03-04T20:44:30 IST" duration-ms="19251" status="PASS">
          <params>
            <param index="0">
              <value>
                <![CDATA["car insurance variantType page"]]>
              </value>
            </param>
            <param index="1">
              <value>
                <![CDATA["Insurances_smoke"]]>
              </value>
            </param>
          </params>
          <reporter-output>
          </reporter-output>
        </test-method> <!-- runScenario -->
        <test-method signature="runScenario(io.cucumber.testng.PickleWrapper,io.cucumber.testng.FeatureWrapper)[pri:0, instance:com.travel_Insurance.testRunner.testRun@3ad83a66]" started-at="2024-03-04T20:44:30 IST" name="runScenario" description="Runs Cucumber Scenarios" data-provider="scenarios" finished-at="2024-03-04T20:44:47 IST" duration-ms="17814" status="PASS">
          <params>
            <param index="0">
              <value>
                <![CDATA["car insurance registeredyear page"]]>
              </value>
            </param>
            <param index="1">
              <value>
                <![CDATA["Insurances_smoke"]]>
              </value>
            </param>
          </params>
          <reporter-output>
          </reporter-output>
        </test-method> <!-- runScenario -->
        <test-method signature="runScenario(io.cucumber.testng.PickleWrapper,io.cucumber.testng.FeatureWrapper)[pri:0, instance:com.travel_Insurance.testRunner.testRun@3ad83a66]" started-at="2024-03-04T20:44:47 IST" name="runScenario" description="Runs Cucumber Scenarios" data-provider="scenarios" finished-at="2024-03-04T20:45:07 IST" duration-ms="19698" status="PASS">
          <params>
            <param index="0">
              <value>
                <![CDATA["car insurance contact details page all errors"]]>
              </value>
            </param>
            <param index="1">
              <value>
                <![CDATA["Insurances_smoke"]]>
              </value>
            </param>
          </params>
          <reporter-output>
          </reporter-output>
        </test-method> <!-- runScenario -->
        <test-method signature="runScenario(io.cucumber.testng.PickleWrapper,io.cucumber.testng.FeatureWrapper)[pri:0, instance:com.travel_Insurance.testRunner.testRun@3ad83a66]" started-at="2024-03-04T20:45:07 IST" name="runScenario" description="Runs Cucumber Scenarios" data-provider="scenarios" finished-at="2024-03-04T20:45:25 IST" duration-ms="18001" status="PASS">
          <params>
            <param index="0">
              <value>
                <![CDATA["car insurance contact details page mobile error"]]>
              </value>
            </param>
            <param index="1">
              <value>
                <![CDATA["Insurances_smoke"]]>
              </value>
            </param>
          </params>
          <reporter-output>
          </reporter-output>
        </test-method> <!-- runScenario -->
        <test-method signature="runScenario(io.cucumber.testng.PickleWrapper,io.cucumber.testng.FeatureWrapper)[pri:0, instance:com.travel_Insurance.testRunner.testRun@3ad83a66]" started-at="2024-03-04T20:45:25 IST" name="runScenario" description="Runs Cucumber Scenarios" data-provider="scenarios" finished-at="2024-03-04T20:45:45 IST" duration-ms="19929" status="PASS">
          <params>
            <param index="0">
              <value>
                <![CDATA["car insurance contacts page mail error"]]>
              </value>
            </param>
            <param index="1">
              <value>
                <![CDATA["Insurances_smoke"]]>
              </value>
            </param>
          </params>
          <reporter-output>
          </reporter-output>
        </test-method> <!-- runScenario -->
        <test-method signature="runScenario(io.cucumber.testng.PickleWrapper,io.cucumber.testng.FeatureWrapper)[pri:0, instance:com.travel_Insurance.testRunner.testRun@3ad83a66]" started-at="2024-03-04T20:45:45 IST" name="runScenario" description="Runs Cucumber Scenarios" data-provider="scenarios" finished-at="2024-03-04T20:46:02 IST" duration-ms="16807" status="PASS">
          <params>
            <param index="0">
              <value>
                <![CDATA["back to home page from travel page"]]>
              </value>
            </param>
            <param index="1">
              <value>
                <![CDATA["Insurances_smoke"]]>
              </value>
            </param>
          </params>
          <reporter-output>
          </reporter-output>
        </test-method> <!-- runScenario -->
        <test-method signature="runScenario(io.cucumber.testng.PickleWrapper,io.cucumber.testng.FeatureWrapper)[pri:0, instance:com.travel_Insurance.testRunner.testRun@3ad83a66]" started-at="2024-03-04T20:46:02 IST" name="runScenario" description="Runs Cucumber Scenarios" data-provider="scenarios" finished-at="2024-03-04T20:46:12 IST" duration-ms="9900" status="PASS">
          <params>
            <param index="0">
              <value>
                <![CDATA["Health insurance menu"]]>
              </value>
            </param>
            <param index="1">
              <value>
                <![CDATA["Insurances_smoke"]]>
              </value>
            </param>
          </params>
          <reporter-output>
          </reporter-output>
        </test-method> <!-- runScenario -->
        <test-method signature="runScenario(io.cucumber.testng.PickleWrapper,io.cucumber.testng.FeatureWrapper)[pri:0, instance:com.travel_Insurance.testRunner.testRun@3ad83a66]" started-at="2024-03-04T20:46:12 IST" name="runScenario" description="Runs Cucumber Scenarios" data-provider="scenarios" finished-at="2024-03-04T20:46:26 IST" duration-ms="14639" status="PASS">
          <params>
            <param index="0">
              <value>
                <![CDATA["Health insurance link"]]>
              </value>
            </param>
            <param index="1">
              <value>
                <![CDATA["Insurances_smoke"]]>
              </value>
            </param>
          </params>
          <reporter-output>
          </reporter-output>
        </test-method> <!-- runScenario -->
        <test-method signature="runScenario(io.cucumber.testng.PickleWrapper,io.cucumber.testng.FeatureWrapper)[pri:0, instance:com.travel_Insurance.testRunner.testRun@3ad83a66]" started-at="2024-03-04T20:46:26 IST" name="runScenario" description="Runs Cucumber Scenarios" data-provider="scenarios" finished-at="2024-03-04T20:46:41 IST" duration-ms="14383" status="PASS">
          <params>
            <param index="0">
              <value>
                <![CDATA["Health insurance candidate"]]>
              </value>
            </param>
            <param index="1">
              <value>
                <![CDATA["Insurances_smoke"]]>
              </value>
            </param>
          </params>
          <reporter-output>
          </reporter-output>
        </test-method> <!-- runScenario -->
        <test-method signature="runScenario(io.cucumber.testng.PickleWrapper,io.cucumber.testng.FeatureWrapper)[pri:0, instance:com.travel_Insurance.testRunner.testRun@3ad83a66]" started-at="2024-03-04T20:46:41 IST" name="runScenario" description="Runs Cucumber Scenarios" data-provider="scenarios" finished-at="2024-03-04T20:46:55 IST" duration-ms="13978" status="PASS">
          <params>
            <param index="0">
              <value>
                <![CDATA["Health insurance age page"]]>
              </value>
            </param>
            <param index="1">
              <value>
                <![CDATA["Insurances_smoke"]]>
              </value>
            </param>
          </params>
          <reporter-output>
          </reporter-output>
        </test-method> <!-- runScenario -->
        <test-method signature="runScenario(io.cucumber.testng.PickleWrapper,io.cucumber.testng.FeatureWrapper)[pri:0, instance:com.travel_Insurance.testRunner.testRun@3ad83a66]" started-at="2024-03-04T20:46:55 IST" name="runScenario" description="Runs Cucumber Scenarios" data-provider="scenarios" finished-at="2024-03-04T20:47:08 IST" duration-ms="13697" status="PASS">
          <params>
            <param index="0">
              <value>
                <![CDATA["Health insurance city page"]]>
              </value>
            </param>
            <param index="1">
              <value>
                <![CDATA["Insurances_smoke"]]>
              </value>
            </param>
          </params>
          <reporter-output>
          </reporter-output>
        </test-method> <!-- runScenario -->
        <test-method signature="runScenario(io.cucumber.testng.PickleWrapper,io.cucumber.testng.FeatureWrapper)[pri:0, instance:com.travel_Insurance.testRunner.testRun@3ad83a66]" started-at="2024-03-04T20:47:08 IST" name="runScenario" description="Runs Cucumber Scenarios" data-provider="scenarios" finished-at="2024-03-04T20:47:33 IST" duration-ms="24526" status="PASS">
          <params>
            <param index="0">
              <value>
                <![CDATA["Health insurance positive contact page"]]>
              </value>
            </param>
            <param index="1">
              <value>
                <![CDATA["Insurances_smoke"]]>
              </value>
            </param>
          </params>
          <reporter-output>
          </reporter-output>
        </test-method> <!-- runScenario -->
        <test-method is-config="true" signature="tearDownClass()[pri:0, instance:com.travel_Insurance.testRunner.testRun@3ad83a66]" started-at="2024-03-04T20:47:33 IST" name="tearDownClass" finished-at="2024-03-04T20:47:35 IST" duration-ms="1608" status="PASS">
          <reporter-output>
          </reporter-output>
        </test-method> <!-- tearDownClass -->
      </class> <!-- com.travel_Insurance.testRunner.testRun -->
    </test> <!-- Default test -->
  </suite> <!-- Default suite -->
</testng-results>
